c:\users\agnestachyon\source\repos\426a3cuda\426a3cuda\x64\debug\vc143.pdb
c:\users\agnestachyon\source\repos\426a3cuda\426a3cuda\x64\debug\vc143.idb
c:\users\agnestachyon\source\repos\426a3cuda\426a3cuda\x64\debug\main.obj
c:\users\agnestachyon\source\repos\426a3cuda\426a3cuda\x64\debug\logic.obj
c:\users\agnestachyon\source\repos\426a3cuda\426a3cuda\x64\debug\logic_cuda.cuh.obj
c:\users\agnestachyon\source\repos\426a3cuda\426a3cuda\x64\debug\cell_cuda.cu.obj
c:\users\agnestachyon\source\repos\426a3cuda\426a3cuda\x64\debug\logic_cuda.cu.obj
c:\users\agnestachyon\source\repos\426a3cuda\426a3cuda\x64\debug\main_cuda.cu.obj
c:\users\agnestachyon\source\repos\426a3cuda\426a3cuda\x64\debug\render_cuda.cu.obj
c:\users\agnestachyon\source\repos\426a3cuda\x64\debug\426a3cuda.lib
c:\users\agnestachyon\source\repos\426a3cuda\x64\debug\426a3cuda.exp
c:\users\agnestachyon\source\repos\426a3cuda\x64\debug\426a3cuda.exe
c:\users\agnestachyon\source\repos\426a3cuda\426a3cuda\x64\debug\426a3cuda.ilk
c:\users\agnestachyon\source\repos\426a3cuda\x64\debug\426a3cuda.pdb
c:\users\agnestachyon\source\repos\426a3cuda\426a3cuda\x64\debug\cell_cuda.cu.cache
c:\users\agnestachyon\source\repos\426a3cuda\426a3cuda\x64\debug\logic_cuda.cu.cache
c:\users\agnestachyon\source\repos\426a3cuda\426a3cuda\x64\debug\logic_cuda.cuh.cache
c:\users\agnestachyon\source\repos\426a3cuda\426a3cuda\x64\debug\main_cuda.cu.cache
c:\users\agnestachyon\source\repos\426a3cuda\426a3cuda\x64\debug\render_cuda.cu.cache
c:\users\agnestachyon\source\repos\426a3cuda\426a3cuda\x64\debug\426a3cuda.tlog\cl.command.1.tlog
c:\users\agnestachyon\source\repos\426a3cuda\426a3cuda\x64\debug\426a3cuda.tlog\cl.read.1.tlog
c:\users\agnestachyon\source\repos\426a3cuda\426a3cuda\x64\debug\426a3cuda.tlog\cl.write.1.tlog
c:\users\agnestachyon\source\repos\426a3cuda\426a3cuda\x64\debug\426a3cuda.tlog\cudacompile.read.1u.tlog
c:\users\agnestachyon\source\repos\426a3cuda\426a3cuda\x64\debug\426a3cuda.tlog\cudacompile.write.1u.tlog
c:\users\agnestachyon\source\repos\426a3cuda\426a3cuda\x64\debug\426a3cuda.tlog\link.command.1.tlog
c:\users\agnestachyon\source\repos\426a3cuda\426a3cuda\x64\debug\426a3cuda.tlog\link.read.1.tlog
c:\users\agnestachyon\source\repos\426a3cuda\426a3cuda\x64\debug\426a3cuda.tlog\link.write.1.tlog
c:\users\agnestachyon\source\repos\426a3cuda\426a3cuda\x64\debug\426a3cuda.tlog\link.write.2u.tlog
